<?xml version="1.0" encoding="UTF-8"?>
<!-- Generated by org.testng.reporters.JUnitReportReporter -->
<testsuite hostname="Anna12" failures="0" tests="1" name="testngpk.Copypaste" time="0.552" errors="0" timestamp="2024-03-08T12:36:22 IST" skipped="0">
  <testcase classname="testngpk.Copypaste" name="copypastmethd" time="0.552"/>
  <system-out/>
</testsuite> <!-- testngpk.Copypaste -->
