<?xml version="1.0" encoding="UTF-8"?>
<!-- Generated by org.testng.reporters.JUnitReportReporter -->
<testsuite hostname="Anna12" failures="0" tests="1" name="testpackg.Fbcreatepagetest" time="2.198" errors="0" timestamp="2024-03-07T00:09:38 IST" skipped="0">
  <testcase classname="testpackg.Fbcreatepagetest" name="test2" time="2.198"/>
  <system-out/>
</testsuite> <!-- testpackg.Fbcreatepagetest -->
