<?xml version="1.0" encoding="UTF-8"?>
<!-- Generated by org.testng.reporters.JUnitReportReporter -->
<testsuite hostname="Anna12" failures="0" tests="1" name="testpackg.Fblogintest" time="0.228" errors="0" timestamp="2024-03-06T21:51:30 IST" skipped="0">
  <testcase classname="testpackg.Fblogintest" name="test" time="0.228"/>
  <system-out/>
</testsuite> <!-- testpackg.Fblogintest -->
