<?xml version="1.0" encoding="UTF-8"?>
<!-- Generated by org.testng.reporters.JUnitReportReporter -->
<testsuite hostname="Anna12" failures="0" tests="1" name="testpackg.Fbsignuptest" time="1.728" errors="0" timestamp="2024-03-06T23:14:06 IST" skipped="0">
  <testcase classname="testpackg.Fbsignuptest" name="test" time="1.728"/>
  <system-out/>
</testsuite> <!-- testpackg.Fbsignuptest -->
