<?xml version="1.0" encoding="UTF-8"?>
<!-- Generated by org.testng.reporters.JUnitReportReporter -->
<testsuite hostname="Anna12" failures="0" tests="1" name="junitpkg.Linkvalidationmyhd" time="2.054" errors="0" timestamp="2024-03-08T22:54:02 IST" skipped="0">
  <testcase classname="junitpkg.Linkvalidationmyhd" name="linkvalidation" time="2.054"/>
  <system-out/>
</testsuite> <!-- junitpkg.Linkvalidationmyhd -->
